<?xml version="1.0" encoding="UTF-8"?>
<!-- Generated by org.testng.reporters.JUnitReportReporter -->
<testsuite skipped="0" hostname="Nurs-MBP.verizon.net" name="com.hubspot.tests.LoginPageTest" tests="4" failures="0" timestamp="17 Mar 2020 23:37:57 GMT" time="30.537" errors="0">
  <testcase name="getTitle" time="6.421" classname="com.hubspot.tests.LoginPageTest"/>
  <testcase name="loginTest1" time="6.934" classname="com.hubspot.tests.LoginPageTest"/>
  <testcase name="loginTest2" time="10.339" classname="com.hubspot.tests.LoginPageTest"/>
  <testcase name="loginTest3" time="6.843" classname="com.hubspot.tests.LoginPageTest"/>
</testsuite> <!-- com.hubspot.tests.LoginPageTest -->
