<?xml version="1.0" encoding="UTF-8"?>
<!-- Generated by org.testng.reporters.JUnitReportReporter -->
<testsuite skipped="0" hostname="Nurs-MBP.verizon.net" name="com.hubspot.tests.HomePageTest" tests="2" failures="0" timestamp="16 Mar 2020 18:22:53 GMT" time="24.912" errors="0">
  <testcase name="verifyHomePageTitle" time="12.754" classname="com.hubspot.tests.HomePageTest"/>
  <testcase name="verifyHomePageHeader" time="12.158" classname="com.hubspot.tests.HomePageTest"/>
</testsuite> <!-- com.hubspot.tests.HomePageTest -->
